<?xml version="1.0" encoding="UTF-8"?>
<!-- Generated by org.testng.reporters.JUnitReportReporter -->
<testsuite skipped="2" hostname="jarviss-MacBook-Pro.local" name="com.unipro.test.RunWebATSuite" tests="2" failures="0" timestamp="21 Dec 2020 15:34:28 GMT" time="0.138" errors="0">
  <testcase name="runScenario" time="0.132" classname="com.unipro.test.RunWebATSuite">
    <skipped/>
  </testcase> <!-- runScenario -->
  <testcase name="runScenario" time="0.006" classname="com.unipro.test.RunWebATSuite">
    <skipped/>
  </testcase> <!-- runScenario -->
</testsuite> <!-- com.unipro.test.RunWebATSuite -->
