<?xml version="1.0" encoding="UTF-8"?>
<!-- Generated by org.testng.reporters.JUnitReportReporter -->
<testsuite skipped="0" hostname="Macpcs-MacBook-Pro.local" name="com.unipro.ExcelWrite" tests="1" failures="0" timestamp="2021-12-22T13:11:16 IST" time="0.460" errors="0">
  <testcase name="Write" time="0.460" classname="com.unipro.ExcelWrite"/>
  <system-out/>
</testsuite> <!-- com.unipro.ExcelWrite -->
