<?xml version="1.0" encoding="UTF-8"?>
<!-- Generated by org.testng.reporters.JUnitReportReporter -->
<testsuite skipped="0" hostname="Macpcs-MacBook-Pro.local" name="com.unipro.updateExcel" tests="1" failures="0" timestamp="2021-12-22T15:23:22 IST" time="0.490" errors="0">
  <testcase name="f" time="0.490" classname="com.unipro.updateExcel"/>
  <system-out/>
</testsuite> <!-- com.unipro.updateExcel -->
