<?xml version="1.0" encoding="UTF-8"?>
<!-- Generated by org.testng.reporters.JUnitReportReporter -->
<testsuite skipped="4" hostname="jarviss-MacBook-Pro.local" name="com.unipro.test.RunApiATSuite" tests="4" failures="0" timestamp="21 Dec 2020 15:34:28 GMT" time="0.142" errors="0">
  <testcase name="runScenario" time="0.003" classname="com.unipro.test.RunApiATSuite">
    <skipped/>
  </testcase> <!-- runScenario -->
  <testcase name="runScenario" time="0.003" classname="com.unipro.test.RunApiATSuite">
    <skipped/>
  </testcase> <!-- runScenario -->
  <testcase name="runScenario" time="0.132" classname="com.unipro.test.RunApiATSuite">
    <skipped/>
  </testcase> <!-- runScenario -->
  <testcase name="runScenario" time="0.004" classname="com.unipro.test.RunApiATSuite">
    <skipped/>
  </testcase> <!-- runScenario -->
</testsuite> <!-- com.unipro.test.RunApiATSuite -->
