<?xml version="1.0" encoding="UTF-8"?>
<!-- Generated by org.testng.reporters.JUnitReportReporter -->
<testsuite skipped="0" hostname="jarviss-MacBook-Pro.local" name="com.unipro.test.RunWebATSuite" tests="1" failures="0" timestamp="23 Dec 2020 02:27:02 GMT" time="22.711" errors="0">
  <testcase name="runScenario" time="22.711" classname="com.unipro.test.RunWebATSuite"/>
</testsuite> <!-- com.unipro.test.RunWebATSuite -->
