<?xml version="1.0" encoding="UTF-8"?>
<!-- Generated by org.testng.reporters.JUnitReportReporter -->
<testsuite skipped="0" hostname="Macpcs-MacBook-Pro.local" name="com.unipro.updateExcel" tests="1" failures="0" timestamp="2021-11-09T16:14:21 IST" time="1.077" errors="0">
  <testcase name="f" time="1.077" classname="com.unipro.updateExcel"/>
  <system-out/>
</testsuite> <!-- com.unipro.updateExcel -->
