<?xml version="1.0" encoding="UTF-8"?>
<!-- Generated by org.testng.reporters.JUnitReportReporter -->
<testsuite skipped="0" hostname="jarviss-MacBook-Pro.local" name="com.unipro.test.RunWebAppSuite" tests="1" failures="0" timestamp="01 Jan 2021 17:46:01 GMT" time="34.432" errors="0">
  <testcase name="runScenario" time="34.432" classname="com.unipro.test.RunWebAppSuite"/>
</testsuite> <!-- com.unipro.test.RunWebAppSuite -->
