<?xml version="1.0" encoding="UTF-8"?>
<!-- Generated by org.testng.reporters.JUnitReportReporter -->
<testsuite skipped="0" hostname="jarviss-MacBook-Pro.local" name="com.unipro.test.RunSingleSuite" tests="1" failures="0" timestamp="01 Jan 2021 17:46:01 GMT" time="19.400" errors="0">
  <testcase name="runScenario" time="19.400" classname="com.unipro.test.RunSingleSuite"/>
</testsuite> <!-- com.unipro.test.RunSingleSuite -->
