<?xml version="1.0" encoding="UTF-8"?>
<!-- Generated by org.testng.reporters.JUnitReportReporter -->
<testsuite skipped="0" hostname="Macpcs-MacBook-Pro.local" name="com.unipro.ExcelWrite" tests="1" failures="0" timestamp="2021-11-09T16:13:48 IST" time="1.168" errors="0">
  <testcase name="Write" time="1.168" classname="com.unipro.ExcelWrite"/>
  <system-out/>
</testsuite> <!-- com.unipro.ExcelWrite -->
