<?xml version="1.0" encoding="UTF-8"?>
<!-- Generated by org.testng.reporters.JUnitReportReporter -->
<testsuite skipped="2" hostname="jarviss-MacBook-Pro.local" name="com.unipro.test.RunSingleSuite" tests="2" failures="0" timestamp="21 Dec 2020 15:39:16 GMT" time="0.137" errors="0">
  <testcase name="runScenario" time="0.133" classname="com.unipro.test.RunSingleSuite">
    <skipped/>
  </testcase> <!-- runScenario -->
  <testcase name="runScenario" time="0.004" classname="com.unipro.test.RunSingleSuite">
    <skipped/>
  </testcase> <!-- runScenario -->
</testsuite> <!-- com.unipro.test.RunSingleSuite -->
